<?xml version="1.0" encoding="UTF-8"?>
<!-- Generated by org.testng.reporters.JUnitReportReporter -->
<testsuite hostname="DESKTOP-R93BUG3" failures="0" tests="1" name="com.Saranyaproject.soft_asset_concept" time="0.039" errors="0" timestamp="2024-09-17T18:45:02 IST" skipped="0">
  <testcase classname="com.Saranyaproject.soft_asset_concept" name="softAssert" time="0.039"/>
  <system-out/>
</testsuite> <!-- com.Saranyaproject.soft_asset_concept -->
