<?xml version="1.0" encoding="UTF-8"?>
<!-- Generated by org.testng.reporters.JUnitReportReporter -->
<testsuite hostname="DESKTOP-R93BUG3" failures="0" tests="1" name="com.base.HardAssertConcept" time="0.026" errors="0" timestamp="2024-09-17T18:30:50 IST" skipped="0">
  <testcase classname="com.base.HardAssertConcept" name="hardassert" time="0.026"/>
  <system-out/>
</testsuite> <!-- com.base.HardAssertConcept -->
